<?xml version="1.0" encoding="UTF-8"?>
<testsuite name="ScrabbleScoreTest" tests="7" skipped="0" failures="0" errors="0" timestamp="2016-01-05T19:47:48" hostname="epicodus-46.local" time="0.002">
  <properties/>
  <testcase name="scrabbleScoreCounter_returnAScrabbleScoreForLetterA_1" classname="ScrabbleScoreTest" time="0.001"/>
  <testcase name="scrabbleScoreCounter_returnAScrabbleScoreForLetterC_3" classname="ScrabbleScoreTest" time="0.0"/>
  <testcase name="scrabbleScoreCounter_returnAScrabbleScoreForLetterD_2" classname="ScrabbleScoreTest" time="0.0"/>
  <testcase name="scrabbleScoreCounter_returnAScrabbleScoreForLetterJ_8" classname="ScrabbleScoreTest" time="0.0"/>
  <testcase name="scrabbleScoreCounter_returnAScrabbleScoreForLetterK_5" classname="ScrabbleScoreTest" time="0.0"/>
  <testcase name="scrabbleScoreCounter_returnAScrabbleScoreForLetterY_4" classname="ScrabbleScoreTest" time="0.0"/>
  <testcase name="scrabbleScoreCounter_returnAScrabbleScoreForLetterZ_8" classname="ScrabbleScoreTest" time="0.0"/>
  <system-out><![CDATA[]]></system-out>
  <system-err><![CDATA[]]></system-err>
</testsuite>
